c:\users\michiel\desktop\howest dae gd 1\courses\programming 1\labs\week 3\03_flowcontrol_lab\1dae08_03_degreef_michiel\freegame\breakout\debug\breakout.pch
c:\users\michiel\desktop\howest dae gd 1\courses\programming 1\labs\week 3\03_flowcontrol_lab\1dae08_03_degreef_michiel\freegame\breakout\debug\vc142.pdb
c:\users\michiel\desktop\howest dae gd 1\courses\programming 1\labs\week 3\03_flowcontrol_lab\1dae08_03_degreef_michiel\freegame\breakout\debug\vc142.idb
c:\users\michiel\desktop\howest dae gd 1\courses\programming 1\labs\week 3\03_flowcontrol_lab\1dae08_03_degreef_michiel\freegame\breakout\debug\pch.obj
c:\users\michiel\desktop\howest dae gd 1\courses\programming 1\labs\week 3\03_flowcontrol_lab\1dae08_03_degreef_michiel\freegame\breakout\debug\paddle.obj
c:\users\michiel\desktop\howest dae gd 1\courses\programming 1\labs\week 3\03_flowcontrol_lab\1dae08_03_degreef_michiel\freegame\breakout\debug\main.obj
c:\users\michiel\desktop\howest dae gd 1\courses\programming 1\labs\week 3\03_flowcontrol_lab\1dae08_03_degreef_michiel\freegame\breakout\debug\block.obj
c:\users\michiel\desktop\howest dae gd 1\courses\programming 1\labs\week 3\03_flowcontrol_lab\1dae08_03_degreef_michiel\freegame\breakout\debug\ball.obj
c:\users\michiel\desktop\howest dae gd 1\courses\programming 1\labs\week 3\03_flowcontrol_lab\1dae08_03_degreef_michiel\breakout\debug\breakout.exe
c:\users\michiel\desktop\howest dae gd 1\courses\programming 1\labs\week 3\03_flowcontrol_lab\1dae08_03_degreef_michiel\breakout\debug\breakout.ilk
c:\users\michiel\desktop\howest dae gd 1\courses\programming 1\labs\week 3\03_flowcontrol_lab\1dae08_03_degreef_michiel\breakout\debug\breakout.pdb
c:\users\michiel\desktop\howest dae gd 1\courses\programming 1\labs\week 3\03_flowcontrol_lab\1dae08_03_degreef_michiel\freegame\breakout\debug\breakout.exe
c:\users\michiel\desktop\howest dae gd 1\courses\programming 1\labs\week 3\03_flowcontrol_lab\1dae08_03_degreef_michiel\freegame\breakout\debug\breakout.ilk
c:\users\michiel\desktop\howest dae gd 1\courses\programming 1\labs\week 3\03_flowcontrol_lab\1dae08_03_degreef_michiel\freegame\breakout\debug\breakout.pdb
c:\users\michiel\desktop\howest dae gd 1\courses\programming 1\labs\week 3\03_flowcontrol_lab\1dae08_03_degreef_michiel\freegame\breakout\debug\libflac-8.dll
c:\users\michiel\desktop\howest dae gd 1\courses\programming 1\labs\week 3\03_flowcontrol_lab\1dae08_03_degreef_michiel\freegame\breakout\debug\libfreetype-6.dll
c:\users\michiel\desktop\howest dae gd 1\courses\programming 1\labs\week 3\03_flowcontrol_lab\1dae08_03_degreef_michiel\freegame\breakout\debug\libjpeg-9.dll
c:\users\michiel\desktop\howest dae gd 1\courses\programming 1\labs\week 3\03_flowcontrol_lab\1dae08_03_degreef_michiel\freegame\breakout\debug\libmodplug-1.dll
c:\users\michiel\desktop\howest dae gd 1\courses\programming 1\labs\week 3\03_flowcontrol_lab\1dae08_03_degreef_michiel\freegame\breakout\debug\libmpg123-0.dll
c:\users\michiel\desktop\howest dae gd 1\courses\programming 1\labs\week 3\03_flowcontrol_lab\1dae08_03_degreef_michiel\freegame\breakout\debug\libogg-0.dll
c:\users\michiel\desktop\howest dae gd 1\courses\programming 1\labs\week 3\03_flowcontrol_lab\1dae08_03_degreef_michiel\freegame\breakout\debug\libopus-0.dll
c:\users\michiel\desktop\howest dae gd 1\courses\programming 1\labs\week 3\03_flowcontrol_lab\1dae08_03_degreef_michiel\freegame\breakout\debug\libopusfile-0.dll
c:\users\michiel\desktop\howest dae gd 1\courses\programming 1\labs\week 3\03_flowcontrol_lab\1dae08_03_degreef_michiel\freegame\breakout\debug\libpng16-16.dll
c:\users\michiel\desktop\howest dae gd 1\courses\programming 1\labs\week 3\03_flowcontrol_lab\1dae08_03_degreef_michiel\freegame\breakout\debug\libtiff-5.dll
c:\users\michiel\desktop\howest dae gd 1\courses\programming 1\labs\week 3\03_flowcontrol_lab\1dae08_03_degreef_michiel\freegame\breakout\debug\libvorbis-0.dll
c:\users\michiel\desktop\howest dae gd 1\courses\programming 1\labs\week 3\03_flowcontrol_lab\1dae08_03_degreef_michiel\freegame\breakout\debug\libvorbisfile-3.dll
c:\users\michiel\desktop\howest dae gd 1\courses\programming 1\labs\week 3\03_flowcontrol_lab\1dae08_03_degreef_michiel\freegame\breakout\debug\libwebp-7.dll
c:\users\michiel\desktop\howest dae gd 1\courses\programming 1\labs\week 3\03_flowcontrol_lab\1dae08_03_degreef_michiel\freegame\breakout\debug\sdl2.dll
c:\users\michiel\desktop\howest dae gd 1\courses\programming 1\labs\week 3\03_flowcontrol_lab\1dae08_03_degreef_michiel\freegame\breakout\debug\sdl2_image.dll
c:\users\michiel\desktop\howest dae gd 1\courses\programming 1\labs\week 3\03_flowcontrol_lab\1dae08_03_degreef_michiel\freegame\breakout\debug\sdl2_mixer.dll
c:\users\michiel\desktop\howest dae gd 1\courses\programming 1\labs\week 3\03_flowcontrol_lab\1dae08_03_degreef_michiel\freegame\breakout\debug\sdl2_ttf.dll
c:\users\michiel\desktop\howest dae gd 1\courses\programming 1\labs\week 3\03_flowcontrol_lab\1dae08_03_degreef_michiel\freegame\breakout\debug\zlib1.dll
c:\users\michiel\desktop\howest dae gd 1\courses\programming 1\labs\week 3\03_flowcontrol_lab\1dae08_03_degreef_michiel\freegame\breakout\debug\breakout.tlog\cl.command.1.tlog
c:\users\michiel\desktop\howest dae gd 1\courses\programming 1\labs\week 3\03_flowcontrol_lab\1dae08_03_degreef_michiel\freegame\breakout\debug\breakout.tlog\cl.read.1.tlog
c:\users\michiel\desktop\howest dae gd 1\courses\programming 1\labs\week 3\03_flowcontrol_lab\1dae08_03_degreef_michiel\freegame\breakout\debug\breakout.tlog\cl.write.1.tlog
c:\users\michiel\desktop\howest dae gd 1\courses\programming 1\labs\week 3\03_flowcontrol_lab\1dae08_03_degreef_michiel\freegame\breakout\debug\breakout.tlog\link.command.1.tlog
c:\users\michiel\desktop\howest dae gd 1\courses\programming 1\labs\week 3\03_flowcontrol_lab\1dae08_03_degreef_michiel\freegame\breakout\debug\breakout.tlog\link.read.1.tlog
c:\users\michiel\desktop\howest dae gd 1\courses\programming 1\labs\week 3\03_flowcontrol_lab\1dae08_03_degreef_michiel\freegame\breakout\debug\breakout.tlog\link.write.1.tlog
