c:\users\michiel\desktop\gridgame\breakout\x64\debug\breakout.pch
c:\users\michiel\desktop\gridgame\breakout\x64\debug\vc142.pdb
c:\users\michiel\desktop\gridgame\breakout\x64\debug\vc142.idb
c:\users\michiel\desktop\gridgame\breakout\x64\debug\pch.obj
c:\users\michiel\desktop\gridgame\breakout\x64\debug\paddle.obj
c:\users\michiel\desktop\gridgame\breakout\x64\debug\main.obj
c:\users\michiel\desktop\gridgame\breakout\x64\debug\block.obj
c:\users\michiel\desktop\gridgame\breakout\x64\debug\ball.obj
c:\users\michiel\desktop\gridgame\breakout\x64\debug\breakout.exe
c:\users\michiel\desktop\gridgame\breakout\x64\debug\breakout.ilk
c:\users\michiel\desktop\gridgame\breakout\x64\debug\breakout.pdb
c:\users\michiel\desktop\gridgame\breakout\x64\debug\libflac-8.dll
c:\users\michiel\desktop\gridgame\breakout\x64\debug\libfreetype-6.dll
c:\users\michiel\desktop\gridgame\breakout\x64\debug\libjpeg-9.dll
c:\users\michiel\desktop\gridgame\breakout\x64\debug\libmodplug-1.dll
c:\users\michiel\desktop\gridgame\breakout\x64\debug\libmpg123-0.dll
c:\users\michiel\desktop\gridgame\breakout\x64\debug\libogg-0.dll
c:\users\michiel\desktop\gridgame\breakout\x64\debug\libopus-0.dll
c:\users\michiel\desktop\gridgame\breakout\x64\debug\libopusfile-0.dll
c:\users\michiel\desktop\gridgame\breakout\x64\debug\libpng16-16.dll
c:\users\michiel\desktop\gridgame\breakout\x64\debug\libtiff-5.dll
c:\users\michiel\desktop\gridgame\breakout\x64\debug\libvorbis-0.dll
c:\users\michiel\desktop\gridgame\breakout\x64\debug\libvorbisfile-3.dll
c:\users\michiel\desktop\gridgame\breakout\x64\debug\libwebp-7.dll
c:\users\michiel\desktop\gridgame\breakout\x64\debug\sdl2.dll
c:\users\michiel\desktop\gridgame\breakout\x64\debug\sdl2_image.dll
c:\users\michiel\desktop\gridgame\breakout\x64\debug\sdl2_mixer.dll
c:\users\michiel\desktop\gridgame\breakout\x64\debug\sdl2_ttf.dll
c:\users\michiel\desktop\gridgame\breakout\x64\debug\zlib1.dll
c:\users\michiel\desktop\gridgame\breakout\x64\debug\breakout.tlog\cl.command.1.tlog
c:\users\michiel\desktop\gridgame\breakout\x64\debug\breakout.tlog\cl.read.1.tlog
c:\users\michiel\desktop\gridgame\breakout\x64\debug\breakout.tlog\cl.write.1.tlog
c:\users\michiel\desktop\gridgame\breakout\x64\debug\breakout.tlog\link.command.1.tlog
c:\users\michiel\desktop\gridgame\breakout\x64\debug\breakout.tlog\link.read.1.tlog
c:\users\michiel\desktop\gridgame\breakout\x64\debug\breakout.tlog\link.write.1.tlog
